app/build/outputs/logs/manifest-merger-debug-report.txt
-- Merging decision tree log ---
provider#android.support.v4.content.FileProvider
INJECTED from src/main/AndroidManifest.xml:154:9-162:20
	android:grantUriPermissions
		ADDED from src/main/AndroidManifest.xml:158:13-47
	android:authorities
		INJECTED from src/main/AndroidManifest.xml
		ADDED from src/main/AndroidManifest.xml:156:13-60
	android:exported
		ADDED from src/main/AndroidManifest.xml:157:13-37
	android:name
		ADDED from src/main/AndroidManifest.xml:155:13-67
manifest
ADDED from src/main/AndroidManifest.xml:1:1-189:12
INJECTED from src/main/AndroidManifest.xml:1:1-189:12
INJECTED from src/main/AndroidManifest.xml:1:1-189:12
INJECTED from src/main/AndroidManifest.xml:1:1-189:12
MERGED from [:library] AndroidManifest.xml:2:1-12:12
MERGED from [com.android.support:design:24.2.0] AndroidManifest.xml:17:1-24:12
MERGED from [com.mikepenz:aboutlibraries:5.3.6] AndroidManifest.xml:2:1-15:12
MERGED from [com.theartofdev.edmodo:android-image-cropper:2.4.7] AndroidManifest.xml:2:1-12:12
MERGED from [com.github.moondroid.coverflow:library:1.0] AndroidManifest.xml:2:1-16:12
MERGED from [com.mikepenz:iconics-core:2.5.4] AndroidManifest.xml:2:1-12:12
MERGED from [com.android.support:appcompat-v7:25.3.1] AndroidManifest.xml:17:1-31:12
MERGED from [com.mikepenz:crossfader:1.3.2] AndroidManifest.xml:2:1-12:12
MERGED from [com.mikepenz:crossfadedrawerlayout:0.2.0] AndroidManifest.xml:2:1-12:12
MERGED from [com.mikepenz:google-material-typeface:2.2.0.1] AndroidManifest.xml:17:1-29:12
MERGED from [com.mikepenz:fontawesome-typeface:4.4.0.1] AndroidManifest.xml:2:1-12:12
MERGED from [com.mikepenz:octicons-typeface:3.0.0.1] AndroidManifest.xml:17:1-29:12
MERGED from [com.mcxiaoke.volley:library-aar:1.0.0] AndroidManifest.xml:1:70-7:12
MERGED from [com.jpardogo.googleprogressbar:library:1.2.0] AndroidManifest.xml:2:1-14:12
MERGED from [com.google.android.gms:play-services-appindexing:9.6.0] AndroidManifest.xml:16:1-19:12
MERGED from [com.google.firebase:firebase-messaging:9.6.0] AndroidManifest.xml:16:1-30:12
MERGED from [com.android.support:recyclerview-v7:24.2.0] AndroidManifest.xml:17:1-22:12
MERGED from [com.android.support:multidex:1.0.2] AndroidManifest.xml:17:1-22:12
MERGED from [com.google.firebase:firebase-core:9.6.0] AndroidManifest.xml:2:1-6:12
MERGED from [com.android.support:exifinterface:25.3.1] AndroidManifest.xml:17:1-28:12
MERGED from [com.android.support:animated-vector-drawable:25.3.1] AndroidManifest.xml:17:1-28:12
MERGED from [com.android.support:support-vector-drawable:25.3.1] AndroidManifest.xml:17:1-28:12
MERGED from [com.google.android.gms:play-services-base:9.6.0] AndroidManifest.xml:16:1-21:12
MERGED from [com.google.firebase:firebase-analytics:9.6.0] AndroidManifest.xml:16:1-34:12
MERGED from [com.google.firebase:firebase-analytics-impl:9.6.0] AndroidManifest.xml:16:1-29:12
MERGED from [com.google.firebase:firebase-iid:9.6.0] AndroidManifest.xml:16:1-51:12
MERGED from [com.google.firebase:firebase-common:9.6.0] AndroidManifest.xml:2:1-8:12
MERGED from [com.google.android.gms:play-services-tasks:9.6.0] AndroidManifest.xml:2:1-5:12
MERGED from [com.google.android.gms:play-services-basement:9.6.0] AndroidManifest.xml:16:1-23:12
MERGED from [com.android.support:support-v4:25.3.1] AndroidManifest.xml:17:1-31:12
MERGED from [com.android.support:support-fragment:25.3.1] AndroidManifest.xml:17:1-31:12
MERGED from [com.android.support:support-media-compat:25.3.1] AndroidManifest.xml:17:1-31:12
MERGED from [com.android.support:support-core-utils:25.3.1] AndroidManifest.xml:17:1-31:12
MERGED from [com.android.support:support-core-ui:25.3.1] AndroidManifest.xml:17:1-31:12
MERGED from [com.android.support:support-compat:25.3.1] AndroidManifest.xml:17:1-31:12
MERGED from [com.mikepenz:materialize:0.5.1] AndroidManifest.xml:2:1-12:12
MERGED from [com.android.support:cardview-v7:23.1.1] AndroidManifest.xml:17:1-24:12
INJECTED from src/main/AndroidManifest.xml:1:1-189:12
INJECTED from src/main/AndroidManifest.xml:1:1-189:12
INJECTED from src/main/AndroidManifest.xml:1:1-189:12
	package
		ADDED from src/main/AndroidManifest.xml:2:5-25
		INJECTED from src/main/AndroidManifest.xml
		INJECTED from src/main/AndroidManifest.xml
	android:versionName
		INJECTED from src/main/AndroidManifest.xml
		ADDED from src/main/AndroidManifest.xml:1:1-189:12
		INJECTED from src/main/AndroidManifest.xml
	android:versionCode
		INJECTED from src/main/AndroidManifest.xml
		ADDED from src/main/AndroidManifest.xml:1:1-189:12
		INJECTED from src/main/AndroidManifest.xml
	xmlns:android
		ADDED from src/main/AndroidManifest.xml:1:11-69
uses-permission#android.permission.INTERNET
ADDED from src/main/AndroidManifest.xml:4:5-67
MERGED from [com.google.firebase:firebase-analytics:9.6.0] AndroidManifest.xml:20:5-66
MERGED from [com.google.firebase:firebase-analytics:9.6.0] AndroidManifest.xml:20:5-66
MERGED from [com.google.firebase:firebase-analytics-impl:9.6.0] AndroidManifest.xml:20:5-66
MERGED from [com.google.firebase:firebase-analytics-impl:9.6.0] AndroidManifest.xml:20:5-66
MERGED from [com.google.firebase:firebase-iid:9.6.0] AndroidManifest.xml:20:5-66
MERGED from [com.google.firebase:firebase-iid:9.6.0] AndroidManifest.xml:20:5-66
	android:name
		ADDED from src/main/AndroidManifest.xml:4:22-64
uses-permission#android.permission.ACCESS_NETWORK_STATE
ADDED from src/main/AndroidManifest.xml:5:5-79
MERGED from [com.google.firebase:firebase-analytics:9.6.0] AndroidManifest.xml:21:5-78
MERGED from [com.google.firebase:firebase-analytics:9.6.0] AndroidManifest.xml:21:5-78
MERGED from [com.google.firebase:firebase-analytics-impl:9.6.0] AndroidManifest.xml:21:5-78
MERGED from [com.google.firebase:firebase-analytics-impl:9.6.0] AndroidManifest.xml:21:5-78
MERGED from [com.google.firebase:firebase-iid:9.6.0] AndroidManifest.xml:19:5-78
MERGED from [com.google.firebase:firebase-iid:9.6.0] AndroidManifest.xml:19:5-78
	android:name
		ADDED from src/main/AndroidManifest.xml:5:22-76
uses-permission#android.permission.READ_PHONE_STATE
ADDED from src/main/AndroidManifest.xml:6:5-75
	android:name
		ADDED from src/main/AndroidManifest.xml:6:22-72
uses-permission#android.permission.WRITE_EXTERNAL_STORAGE
ADDED from src/main/AndroidManifest.xml:7:5-81
	android:name
		ADDED from src/main/AndroidManifest.xml:7:22-78
uses-permission#android.permission.READ_EXTERNAL_STORAGE
ADDED from src/main/AndroidManifest.xml:8:5-80
	android:name
		ADDED from src/main/AndroidManifest.xml:8:22-77
uses-permission#android.permission.RECEIVE_BOOT_COMPLETED
ADDED from src/main/AndroidManifest.xml:9:5-80
	android:name
		ADDED from src/main/AndroidManifest.xml:9:22-78
uses-permission#android.permission.WAKE_LOCK
ADDED from src/main/AndroidManifest.xml:10:5-68
MERGED from [com.google.firebase:firebase-analytics:9.6.0] AndroidManifest.xml:22:5-67
MERGED from [com.google.firebase:firebase-analytics:9.6.0] AndroidManifest.xml:22:5-67
MERGED from [com.google.firebase:firebase-analytics-impl:9.6.0] AndroidManifest.xml:22:5-67
MERGED from [com.google.firebase:firebase-analytics-impl:9.6.0] AndroidManifest.xml:22:5-67
MERGED from [com.google.firebase:firebase-iid:9.6.0] AndroidManifest.xml:21:5-67
MERGED from [com.google.firebase:firebase-iid:9.6.0] AndroidManifest.xml:21:5-67
	android:name
		ADDED from src/main/AndroidManifest.xml:10:22-65
application
ADDED from src/main/AndroidManifest.xml:13:5-187:19
MERGED from [com.android.support:design:24.2.0] AndroidManifest.xml:22:5-20
MERGED from [com.android.support:design:24.2.0] AndroidManifest.xml:22:5-20
MERGED from [com.mikepenz:aboutlibraries:5.3.6] AndroidManifest.xml:11:5-13:19
MERGED from [com.mikepenz:aboutlibraries:5.3.6] AndroidManifest.xml:11:5-13:19
MERGED from [com.github.moondroid.coverflow:library:1.0] AndroidManifest.xml:11:5-14:19
MERGED from [com.github.moondroid.coverflow:library:1.0] AndroidManifest.xml:11:5-14:19
MERGED from [com.android.support:appcompat-v7:25.3.1] AndroidManifest.xml:29:5-20
MERGED from [com.android.support:appcompat-v7:25.3.1] AndroidManifest.xml:29:5-20
MERGED from [com.mikepenz:google-material-typeface:2.2.0.1] AndroidManifest.xml:27:5-20
MERGED from [com.mikepenz:google-material-typeface:2.2.0.1] AndroidManifest.xml:27:5-20
MERGED from [com.mikepenz:octicons-typeface:3.0.0.1] AndroidManifest.xml:27:5-20
MERGED from [com.mikepenz:octicons-typeface:3.0.0.1] AndroidManifest.xml:27:5-20
MERGED from [com.mcxiaoke.volley:library-aar:1.0.0] AndroidManifest.xml:5:5-19
MERGED from [com.mcxiaoke.volley:library-aar:1.0.0] AndroidManifest.xml:5:5-19
MERGED from [com.jpardogo.googleprogressbar:library:1.2.0] AndroidManifest.xml:12:5-20
MERGED from [com.jpardogo.googleprogressbar:library:1.2.0] AndroidManifest.xml:12:5-20
MERGED from [com.google.android.gms:play-services-appindexing:9.6.0] AndroidManifest.xml:18:5-19
MERGED from [com.google.android.gms:play-services-appindexing:9.6.0] AndroidManifest.xml:18:5-19
MERGED from [com.google.firebase:firebase-messaging:9.6.0] AndroidManifest.xml:19:5-29:19
MERGED from [com.google.firebase:firebase-messaging:9.6.0] AndroidManifest.xml:19:5-29:19
MERGED from [com.google.firebase:firebase-core:9.6.0] AndroidManifest.xml:5:5-20
MERGED from [com.google.firebase:firebase-core:9.6.0] AndroidManifest.xml:5:5-20
MERGED from [com.android.support:exifinterface:25.3.1] AndroidManifest.xml:26:5-20
MERGED from [com.android.support:exifinterface:25.3.1] AndroidManifest.xml:26:5-20
MERGED from [com.android.support:animated-vector-drawable:25.3.1] AndroidManifest.xml:26:5-20
MERGED from [com.android.support:animated-vector-drawable:25.3.1] AndroidManifest.xml:26:5-20
MERGED from [com.android.support:support-vector-drawable:25.3.1] AndroidManifest.xml:26:5-20
MERGED from [com.android.support:support-vector-drawable:25.3.1] AndroidManifest.xml:26:5-20
MERGED from [com.google.android.gms:play-services-base:9.6.0] AndroidManifest.xml:18:5-20:19
MERGED from [com.google.android.gms:play-services-base:9.6.0] AndroidManifest.xml:18:5-20:19
MERGED from [com.google.firebase:firebase-analytics:9.6.0] AndroidManifest.xml:24:5-33:19
MERGED from [com.google.firebase:firebase-analytics:9.6.0] AndroidManifest.xml:24:5-33:19
MERGED from [com.google.firebase:firebase-analytics-impl:9.6.0] AndroidManifest.xml:24:5-28:19
MERGED from [com.google.firebase:firebase-analytics-impl:9.6.0] AndroidManifest.xml:24:5-28:19
MERGED from [com.google.firebase:firebase-iid:9.6.0] AndroidManifest.xml:28:5-50:19
MERGED from [com.google.firebase:firebase-iid:9.6.0] AndroidManifest.xml:28:5-50:19
MERGED from [com.google.firebase:firebase-common:9.6.0] AndroidManifest.xml:4:5-7:19
MERGED from [com.google.firebase:firebase-common:9.6.0] AndroidManifest.xml:4:5-7:19
MERGED from [com.google.android.gms:play-services-tasks:9.6.0] AndroidManifest.xml:4:5-19
MERGED from [com.google.android.gms:play-services-tasks:9.6.0] AndroidManifest.xml:4:5-19
MERGED from [com.google.android.gms:play-services-basement:9.6.0] AndroidManifest.xml:19:5-21:19
MERGED from [com.google.android.gms:play-services-basement:9.6.0] AndroidManifest.xml:19:5-21:19
MERGED from [com.android.support:support-v4:25.3.1] AndroidManifest.xml:29:5-20
MERGED from [com.android.support:support-v4:25.3.1] AndroidManifest.xml:29:5-20
MERGED from [com.android.support:support-fragment:25.3.1] AndroidManifest.xml:29:5-20
MERGED from [com.android.support:support-fragment:25.3.1] AndroidManifest.xml:29:5-20
MERGED from [com.android.support:support-media-compat:25.3.1] AndroidManifest.xml:29:5-20
MERGED from [com.android.support:support-media-compat:25.3.1] AndroidManifest.xml:29:5-20
MERGED from [com.android.support:support-core-utils:25.3.1] AndroidManifest.xml:29:5-20
MERGED from [com.android.support:support-core-utils:25.3.1] AndroidManifest.xml:29:5-20
MERGED from [com.android.support:support-core-ui:25.3.1] AndroidManifest.xml:29:5-20
MERGED from [com.android.support:support-core-ui:25.3.1] AndroidManifest.xml:29:5-20
MERGED from [com.android.support:support-compat:25.3.1] AndroidManifest.xml:29:5-20
MERGED from [com.android.support:support-compat:25.3.1] AndroidManifest.xml:29:5-20
MERGED from [com.android.support:cardview-v7:23.1.1] AndroidManifest.xml:22:5-20
MERGED from [com.android.support:cardview-v7:23.1.1] AndroidManifest.xml:22:5-20
	android:supportsRtl
		ADDED from src/main/AndroidManifest.xml:19:9-35
	android:label
		ADDED from src/main/AndroidManifest.xml:17:9-41
	android:largeHeap
		ADDED from src/main/AndroidManifest.xml:18:9-33
	android:icon
		ADDED from src/main/AndroidManifest.xml:16:9-43
	android:allowBackup
		ADDED from src/main/AndroidManifest.xml:15:9-35
	android:theme
		ADDED from src/main/AndroidManifest.xml:20:9-65
	android:name
		ADDED from src/main/AndroidManifest.xml:14:9-55
activity#id.or.ppfi.carousel.main.MainActivity
ADDED from src/main/AndroidManifest.xml:23:9-29:20
	android:name
		ADDED from src/main/AndroidManifest.xml:23:19-71
intent-filter#android.intent.action.MAIN+android.intent.category.LAUNCHER
ADDED from src/main/AndroidManifest.xml:24:13-28:29
action#android.intent.action.MAIN
ADDED from src/main/AndroidManifest.xml:25:17-69
	android:name
		ADDED from src/main/AndroidManifest.xml:25:25-66
category#android.intent.category.LAUNCHER
ADDED from src/main/AndroidManifest.xml:27:17-77
	android:name
		ADDED from src/main/AndroidManifest.xml:27:27-74
activity#id.or.ppfi.carousel.menu.MemberActivity
ADDED from src/main/AndroidManifest.xml:31:9-86
	android:name
		ADDED from src/main/AndroidManifest.xml:31:20-74
activity#id.or.ppfi.main.AdvancedActivity
ADDED from src/main/AndroidManifest.xml:34:9-39:15
	android:label
		ADDED from src/main/AndroidManifest.xml:36:13-45
	android:configChanges
		ADDED from src/main/AndroidManifest.xml:38:13-59
	android:theme
		ADDED from src/main/AndroidManifest.xml:37:13-47
	android:name
		ADDED from src/main/AndroidManifest.xml:35:13-60
activity#id.or.ppfi.main.AdvancedActivityAthlete
ADDED from src/main/AndroidManifest.xml:41:9-47:15
	android:label
		ADDED from src/main/AndroidManifest.xml:43:13-45
	android:exported
		ADDED from src/main/AndroidManifest.xml:46:13-37
	android:configChanges
		ADDED from src/main/AndroidManifest.xml:45:13-59
	android:theme
		ADDED from src/main/AndroidManifest.xml:44:13-47
	android:name
		ADDED from src/main/AndroidManifest.xml:42:13-67
activity#id.or.ppfi.user.RegisterActivity
ADDED from src/main/AndroidManifest.xml:51:9-54:61
	android:configChanges
		ADDED from src/main/AndroidManifest.xml:54:13-59
	android:theme
		ADDED from src/main/AndroidManifest.xml:53:13-69
	android:name
		ADDED from src/main/AndroidManifest.xml:52:13-60
activity#id.or.ppfi.user.LoginActivity2
ADDED from src/main/AndroidManifest.xml:56:9-59:15
	android:theme
		ADDED from src/main/AndroidManifest.xml:58:13-69
	android:name
		ADDED from src/main/AndroidManifest.xml:57:13-58
activity#id.or.ppfi.dashboard.WebviewActivity
ADDED from src/main/AndroidManifest.xml:61:9-65:67
	android:windowSoftInputMode
		ADDED from src/main/AndroidManifest.xml:65:13-65
	android:configChanges
		ADDED from src/main/AndroidManifest.xml:64:13-59
	android:theme
		ADDED from src/main/AndroidManifest.xml:63:13-47
	android:name
		ADDED from src/main/AndroidManifest.xml:62:13-64
activity#id.or.ppfi.dashboard.WellnessActivity
ADDED from src/main/AndroidManifest.xml:67:9-71:67
	android:windowSoftInputMode
		ADDED from src/main/AndroidManifest.xml:71:13-65
	android:configChanges
		ADDED from src/main/AndroidManifest.xml:70:13-59
	android:theme
		ADDED from src/main/AndroidManifest.xml:69:13-47
	android:name
		ADDED from src/main/AndroidManifest.xml:68:13-65
activity#id.or.ppfi.dashboard.ListWellnessActivity
ADDED from src/main/AndroidManifest.xml:73:9-77:67
	android:windowSoftInputMode
		ADDED from src/main/AndroidManifest.xml:77:13-65
	android:configChanges
		ADDED from src/main/AndroidManifest.xml:76:13-59
	android:theme
		ADDED from src/main/AndroidManifest.xml:75:13-47
	android:name
		ADDED from src/main/AndroidManifest.xml:74:13-69
activity#id.or.ppfi.dashboard.ListCederaActivity
ADDED from src/main/AndroidManifest.xml:79:9-83:67
	android:windowSoftInputMode
		ADDED from src/main/AndroidManifest.xml:83:13-65
	android:configChanges
		ADDED from src/main/AndroidManifest.xml:82:13-59
	android:theme
		ADDED from src/main/AndroidManifest.xml:81:13-47
	android:name
		ADDED from src/main/AndroidManifest.xml:80:13-67
activity#id.or.ppfi.dashboard.MealPlanActivity
ADDED from src/main/AndroidManifest.xml:85:9-88:61
	android:configChanges
		ADDED from src/main/AndroidManifest.xml:88:13-59
	android:theme
		ADDED from src/main/AndroidManifest.xml:87:13-47
	android:name
		ADDED from src/main/AndroidManifest.xml:86:13-65
activity#id.or.ppfi.group.MemberListActivity
ADDED from src/main/AndroidManifest.xml:90:9-93:61
	android:configChanges
		ADDED from src/main/AndroidManifest.xml:93:13-59
	android:theme
		ADDED from src/main/AndroidManifest.xml:92:13-47
	android:name
		ADDED from src/main/AndroidManifest.xml:91:13-63
activity#id.or.ppfi.group.ViewProfileActivity
ADDED from src/main/AndroidManifest.xml:95:9-98:61
	android:configChanges
		ADDED from src/main/AndroidManifest.xml:98:13-59
	android:theme
		ADDED from src/main/AndroidManifest.xml:97:13-91
	android:name
		ADDED from src/main/AndroidManifest.xml:96:13-64
activity#id.or.ppfi.dashboard.DetailPersonalActivity
ADDED from src/main/AndroidManifest.xml:100:9-103:61
	android:configChanges
		ADDED from src/main/AndroidManifest.xml:103:13-59
	android:theme
		ADDED from src/main/AndroidManifest.xml:102:13-47
	android:name
		ADDED from src/main/AndroidManifest.xml:101:13-71
activity#id.or.ppfi.periodization.DetailPeriodPlanActivity
ADDED from src/main/AndroidManifest.xml:105:9-108:61
	android:configChanges
		ADDED from src/main/AndroidManifest.xml:108:13-59
	android:theme
		ADDED from src/main/AndroidManifest.xml:107:13-47
	android:name
		ADDED from src/main/AndroidManifest.xml:106:13-77
activity#id.or.ppfi.dashboard.DetailWellnessActivity
ADDED from src/main/AndroidManifest.xml:110:9-113:61
	android:configChanges
		ADDED from src/main/AndroidManifest.xml:113:13-59
	android:theme
		ADDED from src/main/AndroidManifest.xml:112:13-47
	android:name
		ADDED from src/main/AndroidManifest.xml:111:13-71
activity#id.or.ppfi.authorization.ListAuthActivity
ADDED from src/main/AndroidManifest.xml:117:9-120:61
	android:configChanges
		ADDED from src/main/AndroidManifest.xml:120:13-59
	android:theme
		ADDED from src/main/AndroidManifest.xml:119:13-91
	android:name
		ADDED from src/main/AndroidManifest.xml:118:13-69
activity#id.or.ppfi.user.profile.UploadActivity
ADDED from src/main/AndroidManifest.xml:122:9-124:94
	android:theme
		ADDED from src/main/AndroidManifest.xml:124:13-91
	android:name
		ADDED from src/main/AndroidManifest.xml:123:13-66
activity#id.or.ppfi.user.profile.ChangePasswordActivity
ADDED from src/main/AndroidManifest.xml:126:9-128:50
	android:theme
		ADDED from src/main/AndroidManifest.xml:128:13-47
	android:name
		ADDED from src/main/AndroidManifest.xml:127:13-74
activity#id.or.ppfi.periodization.PeriodPlanActivity
ADDED from src/main/AndroidManifest.xml:131:9-133:94
	android:theme
		ADDED from src/main/AndroidManifest.xml:133:13-91
	android:name
		ADDED from src/main/AndroidManifest.xml:132:13-71
activity#id.or.ppfi.user.profile.EditProfileActivity
ADDED from src/main/AndroidManifest.xml:135:9-137:94
	android:theme
		ADDED from src/main/AndroidManifest.xml:137:13-91
	android:name
		ADDED from src/main/AndroidManifest.xml:136:13-71
meta-data#com.google.android.gms.version
ADDED from src/main/AndroidManifest.xml:139:9-141:69
MERGED from [com.google.android.gms:play-services-basement:9.6.0] AndroidManifest.xml:20:9-121
MERGED from [com.google.android.gms:play-services-basement:9.6.0] AndroidManifest.xml:20:9-121
	android:value
		ADDED from src/main/AndroidManifest.xml:141:13-66
	android:name
		ADDED from src/main/AndroidManifest.xml:140:13-58
activity#id.or.ppfi.highlight.MainActivity
ADDED from src/main/AndroidManifest.xml:143:9-146:61
	android:configChanges
		ADDED from src/main/AndroidManifest.xml:146:13-59
	android:theme
		ADDED from src/main/AndroidManifest.xml:145:13-69
	android:name
		ADDED from src/main/AndroidManifest.xml:144:13-61
activity#id.or.ppfi.highlight.WelcomeActivity
ADDED from src/main/AndroidManifest.xml:148:9-152:51
	android:screenOrientation
		ADDED from src/main/AndroidManifest.xml:152:13-49
	android:configChanges
		ADDED from src/main/AndroidManifest.xml:151:13-59
	android:theme
		ADDED from src/main/AndroidManifest.xml:150:13-69
	android:name
		ADDED from src/main/AndroidManifest.xml:149:13-64
receiver#id.or.ppfi.alarmservice.AlarmReceiver
ADDED from src/main/AndroidManifest.xml:164:9-165:20
	android:name
		ADDED from src/main/AndroidManifest.xml:164:19-71
receiver#id.or.ppfi.alarmservice.AlarmReceiverAthlete
ADDED from src/main/AndroidManifest.xml:167:9-168:20
	android:name
		ADDED from src/main/AndroidManifest.xml:167:19-78
service#id.or.ppfi.firebase.notification.service.MyFirebaseMessagingService
ADDED from src/main/AndroidManifest.xml:172:9-176:19
	android:name
		ADDED from src/main/AndroidManifest.xml:172:18-100
intent-filter#com.google.firebase.MESSAGING_EVENT
ADDED from src/main/AndroidManifest.xml:173:13-175:29
action#com.google.firebase.MESSAGING_EVENT
ADDED from src/main/AndroidManifest.xml:174:17-78
	android:name
		ADDED from src/main/AndroidManifest.xml:174:25-75
service#id.or.ppfi.firebase.notification.service.MyFirebaseInstanceIDService
ADDED from src/main/AndroidManifest.xml:178:9-182:19
	android:name
		ADDED from src/main/AndroidManifest.xml:178:18-101
intent-filter#com.google.firebase.INSTANCE_ID_EVENT
ADDED from src/main/AndroidManifest.xml:179:13-181:29
action#com.google.firebase.INSTANCE_ID_EVENT
ADDED from src/main/AndroidManifest.xml:180:17-80
	android:name
		ADDED from src/main/AndroidManifest.xml:180:25-77
uses-sdk
INJECTED from src/main/AndroidManifest.xml reason: use-sdk injection requested
INJECTED from src/main/AndroidManifest.xml
INJECTED from src/main/AndroidManifest.xml
MERGED from [:library] AndroidManifest.xml:8:5-10:41
MERGED from [:library] AndroidManifest.xml:8:5-10:41
MERGED from [com.android.support:design:24.2.0] AndroidManifest.xml:20:5-43
MERGED from [com.android.support:design:24.2.0] AndroidManifest.xml:20:5-43
MERGED from [com.mikepenz:aboutlibraries:5.3.6] AndroidManifest.xml:7:5-9:41
MERGED from [com.mikepenz:aboutlibraries:5.3.6] AndroidManifest.xml:7:5-9:41
MERGED from [com.theartofdev.edmodo:android-image-cropper:2.4.7] AndroidManifest.xml:8:5-10:41
MERGED from [com.theartofdev.edmodo:android-image-cropper:2.4.7] AndroidManifest.xml:8:5-10:41
MERGED from [com.github.moondroid.coverflow:library:1.0] AndroidManifest.xml:7:5-9:41
MERGED from [com.github.moondroid.coverflow:library:1.0] AndroidManifest.xml:7:5-9:41
MERGED from [com.mikepenz:iconics-core:2.5.4] AndroidManifest.xml:8:5-10:41
MERGED from [com.mikepenz:iconics-core:2.5.4] AndroidManifest.xml:8:5-10:41
MERGED from [com.android.support:appcompat-v7:25.3.1] AndroidManifest.xml:21:5-23:78
MERGED from [com.android.support:appcompat-v7:25.3.1] AndroidManifest.xml:21:5-23:78
MERGED from [com.mikepenz:crossfader:1.3.2] AndroidManifest.xml:8:5-10:41
MERGED from [com.mikepenz:crossfader:1.3.2] AndroidManifest.xml:8:5-10:41
MERGED from [com.mikepenz:crossfadedrawerlayout:0.2.0] AndroidManifest.xml:8:5-10:41
MERGED from [com.mikepenz:crossfadedrawerlayout:0.2.0] AndroidManifest.xml:8:5-10:41
MERGED from [com.mikepenz:google-material-typeface:2.2.0.1] AndroidManifest.xml:23:5-25:41
MERGED from [com.mikepenz:google-material-typeface:2.2.0.1] AndroidManifest.xml:23:5-25:41
MERGED from [com.mikepenz:fontawesome-typeface:4.4.0.1] AndroidManifest.xml:8:5-10:41
MERGED from [com.mikepenz:fontawesome-typeface:4.4.0.1] AndroidManifest.xml:8:5-10:41
MERGED from [com.mikepenz:octicons-typeface:3.0.0.1] AndroidManifest.xml:23:5-25:41
MERGED from [com.mikepenz:octicons-typeface:3.0.0.1] AndroidManifest.xml:23:5-25:41
MERGED from [com.mcxiaoke.volley:library-aar:1.0.0] AndroidManifest.xml:3:5-72
MERGED from [com.mcxiaoke.volley:library-aar:1.0.0] AndroidManifest.xml:3:5-72
MERGED from [com.jpardogo.googleprogressbar:library:1.2.0] AndroidManifest.xml:8:5-10:41
MERGED from [com.jpardogo.googleprogressbar:library:1.2.0] AndroidManifest.xml:8:5-10:41
MERGED from [com.google.android.gms:play-services-appindexing:9.6.0] AndroidManifest.xml:17:5-42
MERGED from [com.google.android.gms:play-services-appindexing:9.6.0] AndroidManifest.xml:17:5-42
MERGED from [com.google.firebase:firebase-messaging:9.6.0] AndroidManifest.xml:17:5-42
MERGED from [com.google.firebase:firebase-messaging:9.6.0] AndroidManifest.xml:17:5-42
MERGED from [com.android.support:recyclerview-v7:24.2.0] AndroidManifest.xml:20:5-43
MERGED from [com.android.support:recyclerview-v7:24.2.0] AndroidManifest.xml:20:5-43
MERGED from [com.android.support:multidex:1.0.2] AndroidManifest.xml:20:5-43
MERGED from [com.android.support:multidex:1.0.2] AndroidManifest.xml:20:5-43
MERGED from [com.google.firebase:firebase-core:9.6.0] AndroidManifest.xml:4:5-42
MERGED from [com.google.firebase:firebase-core:9.6.0] AndroidManifest.xml:4:5-42
MERGED from [com.android.support:exifinterface:25.3.1] AndroidManifest.xml:20:5-43
MERGED from [com.android.support:exifinterface:25.3.1] AndroidManifest.xml:20:5-43
MERGED from [com.android.support:animated-vector-drawable:25.3.1] AndroidManifest.xml:20:5-44
MERGED from [com.android.support:animated-vector-drawable:25.3.1] AndroidManifest.xml:20:5-44
MERGED from [com.android.support:support-vector-drawable:25.3.1] AndroidManifest.xml:20:5-43
MERGED from [com.android.support:support-vector-drawable:25.3.1] AndroidManifest.xml:20:5-43
MERGED from [com.google.android.gms:play-services-base:9.6.0] AndroidManifest.xml:17:5-42
MERGED from [com.google.android.gms:play-services-base:9.6.0] AndroidManifest.xml:17:5-42
MERGED from [com.google.firebase:firebase-analytics:9.6.0] AndroidManifest.xml:17:5-42
MERGED from [com.google.firebase:firebase-analytics:9.6.0] AndroidManifest.xml:17:5-42
MERGED from [com.google.firebase:firebase-analytics-impl:9.6.0] AndroidManifest.xml:17:5-42
MERGED from [com.google.firebase:firebase-analytics-impl:9.6.0] AndroidManifest.xml:17:5-42
MERGED from [com.google.firebase:firebase-iid:9.6.0] AndroidManifest.xml:17:5-42
MERGED from [com.google.firebase:firebase-iid:9.6.0] AndroidManifest.xml:17:5-42
MERGED from [com.google.firebase:firebase-common:9.6.0] AndroidManifest.xml:3:5-42
MERGED from [com.google.firebase:firebase-common:9.6.0] AndroidManifest.xml:3:5-42
MERGED from [com.google.android.gms:play-services-tasks:9.6.0] AndroidManifest.xml:3:5-42
MERGED from [com.google.android.gms:play-services-tasks:9.6.0] AndroidManifest.xml:3:5-42
MERGED from [com.google.android.gms:play-services-basement:9.6.0] AndroidManifest.xml:17:5-42
MERGED from [com.google.android.gms:play-services-basement:9.6.0] AndroidManifest.xml:17:5-42
MERGED from [com.android.support:support-v4:25.3.1] AndroidManifest.xml:21:5-23:54
MERGED from [com.android.support:support-v4:25.3.1] AndroidManifest.xml:21:5-23:54
MERGED from [com.android.support:support-fragment:25.3.1] AndroidManifest.xml:21:5-23:60
MERGED from [com.android.support:support-fragment:25.3.1] AndroidManifest.xml:21:5-23:60
MERGED from [com.android.support:support-media-compat:25.3.1] AndroidManifest.xml:21:5-23:63
MERGED from [com.android.support:support-media-compat:25.3.1] AndroidManifest.xml:21:5-23:63
MERGED from [com.android.support:support-core-utils:25.3.1] AndroidManifest.xml:21:5-23:61
MERGED from [com.android.support:support-core-utils:25.3.1] AndroidManifest.xml:21:5-23:61
MERGED from [com.android.support:support-core-ui:25.3.1] AndroidManifest.xml:21:5-23:58
MERGED from [com.android.support:support-core-ui:25.3.1] AndroidManifest.xml:21:5-23:58
MERGED from [com.android.support:support-compat:25.3.1] AndroidManifest.xml:21:5-23:58
MERGED from [com.android.support:support-compat:25.3.1] AndroidManifest.xml:21:5-23:58
MERGED from [com.mikepenz:materialize:0.5.1] AndroidManifest.xml:8:5-10:41
MERGED from [com.mikepenz:materialize:0.5.1] AndroidManifest.xml:8:5-10:41
MERGED from [com.android.support:cardview-v7:23.1.1] AndroidManifest.xml:20:5-43
MERGED from [com.android.support:cardview-v7:23.1.1] AndroidManifest.xml:20:5-43
INJECTED from src/main/AndroidManifest.xml
INJECTED from src/main/AndroidManifest.xml
	tools:overrideLibrary
		ADDED from [com.android.support:appcompat-v7:25.3.1] AndroidManifest.xml:23:9-75
	android:targetSdkVersion
		INJECTED from src/main/AndroidManifest.xml
		ADDED from src/main/AndroidManifest.xml
		INJECTED from src/main/AndroidManifest.xml
	android:minSdkVersion
		INJECTED from src/main/AndroidManifest.xml
		ADDED from src/main/AndroidManifest.xml
		INJECTED from src/main/AndroidManifest.xml
meta-data#android.support.FILE_PROVIDER_PATHS
ADDED from src/main/AndroidManifest.xml:159:13-161:57
	android:resource
		ADDED from src/main/AndroidManifest.xml:161:17-55
	android:name
		ADDED from src/main/AndroidManifest.xml:160:17-67
activity#com.mikepenz.aboutlibraries.ui.LibsActivity
ADDED from [com.mikepenz:aboutlibraries:5.3.6] AndroidManifest.xml:12:9-80
	android:name
		ADDED from [com.mikepenz:aboutlibraries:5.3.6] AndroidManifest.xml:12:19-77
meta-data#android.support.VERSION
ADDED from [com.android.support:appcompat-v7:25.3.1] AndroidManifest.xml:25:5-27:34
MERGED from [com.android.support:exifinterface:25.3.1] AndroidManifest.xml:22:5-24:34
MERGED from [com.android.support:exifinterface:25.3.1] AndroidManifest.xml:22:5-24:34
MERGED from [com.android.support:animated-vector-drawable:25.3.1] AndroidManifest.xml:22:5-24:34
MERGED from [com.android.support:animated-vector-drawable:25.3.1] AndroidManifest.xml:22:5-24:34
MERGED from [com.android.support:support-vector-drawable:25.3.1] AndroidManifest.xml:22:5-24:34
MERGED from [com.android.support:support-vector-drawable:25.3.1] AndroidManifest.xml:22:5-24:34
MERGED from [com.android.support:support-v4:25.3.1] AndroidManifest.xml:25:5-27:34